Determining if the pthread_create exist failed with the following output:
Change Dir: /home/gnss/novatel/build/CMakeFiles/CMakeTmp

Run Build Command:"/usr/bin/make" "cmTC_3d8db/fast"
make[1]: Entering directory '/home/gnss/novatel/build/CMakeFiles/CMakeTmp'
/usr/bin/make -f CMakeFiles/cmTC_3d8db.dir/build.make CMakeFiles/cmTC_3d8db.dir/build
make[2]: Entering directory '/home/gnss/novatel/build/CMakeFiles/CMakeTmp'
Building C object CMakeFiles/cmTC_3d8db.dir/CheckSymbolExists.c.o
/usr/bin/cc     -o CMakeFiles/cmTC_3d8db.dir/CheckSymbolExists.c.o   -c /home/gnss/novatel/build/CMakeFiles/CMakeTmp/CheckSymbolExists.c
Linking C executable cmTC_3d8db
/usr/bin/cmake -E cmake_link_script CMakeFiles/cmTC_3d8db.dir/link.txt --verbose=1
/usr/bin/cc       CMakeFiles/cmTC_3d8db.dir/CheckSymbolExists.c.o  -o cmTC_3d8db -rdynamic 
CMakeFiles/cmTC_3d8db.dir/CheckSymbolExists.c.o: In function `main':
CheckSymbolExists.c:(.text+0x16): undefined reference to `pthread_create'
collect2: error: ld returned 1 exit status
CMakeFiles/cmTC_3d8db.dir/build.make:97: recipe for target 'cmTC_3d8db' failed
make[2]: *** [cmTC_3d8db] Error 1
make[2]: Leaving directory '/home/gnss/novatel/build/CMakeFiles/CMakeTmp'
Makefile:126: recipe for target 'cmTC_3d8db/fast' failed
make[1]: *** [cmTC_3d8db/fast] Error 2
make[1]: Leaving directory '/home/gnss/novatel/build/CMakeFiles/CMakeTmp'

File /home/gnss/novatel/build/CMakeFiles/CMakeTmp/CheckSymbolExists.c:
/* */
#include <pthread.h>

int main(int argc, char** argv)
{
  (void)argv;
#ifndef pthread_create
  return ((int*)(&pthread_create))[argc];
#else
  (void)argc;
  return 0;
#endif
}

Determining if the function pthread_create exists in the pthreads failed with the following output:
Change Dir: /home/gnss/novatel/build/CMakeFiles/CMakeTmp

Run Build Command:"/usr/bin/make" "cmTC_6f025/fast"
make[1]: Entering directory '/home/gnss/novatel/build/CMakeFiles/CMakeTmp'
/usr/bin/make -f CMakeFiles/cmTC_6f025.dir/build.make CMakeFiles/cmTC_6f025.dir/build
make[2]: Entering directory '/home/gnss/novatel/build/CMakeFiles/CMakeTmp'
Building C object CMakeFiles/cmTC_6f025.dir/CheckFunctionExists.c.o
/usr/bin/cc    -DCHECK_FUNCTION_EXISTS=pthread_create   -o CMakeFiles/cmTC_6f025.dir/CheckFunctionExists.c.o   -c /usr/share/cmake-3.5/Modules/CheckFunctionExists.c
Linking C executable cmTC_6f025
/usr/bin/cmake -E cmake_link_script CMakeFiles/cmTC_6f025.dir/link.txt --verbose=1
/usr/bin/cc   -DCHECK_FUNCTION_EXISTS=pthread_create    CMakeFiles/cmTC_6f025.dir/CheckFunctionExists.c.o  -o cmTC_6f025 -rdynamic -lpthreads 
/usr/bin/ld: cannot find -lpthreads
collect2: error: ld returned 1 exit status
CMakeFiles/cmTC_6f025.dir/build.make:97: recipe for target 'cmTC_6f025' failed
make[2]: *** [cmTC_6f025] Error 1
make[2]: Leaving directory '/home/gnss/novatel/build/CMakeFiles/CMakeTmp'
Makefile:126: recipe for target 'cmTC_6f025/fast' failed
make[1]: *** [cmTC_6f025/fast] Error 2
make[1]: Leaving directory '/home/gnss/novatel/build/CMakeFiles/CMakeTmp'


